-------------------------------------------------------------------------------
Test set: com.test.stepdefs.InitialIT
-------------------------------------------------------------------------------
Tests run: 3, Failures: 0, Errors: 2, Skipped: 0, Time elapsed: 0.104 s <<< FAILURE! - in com.test.stepdefs.InitialIT
Examples.Example #1  Time elapsed: 17.983 s
com.test.stepdefs.InitialIT.OpenSite(String)  Time elapsed: 0.015 s  <<< ERROR!
org.junit.jupiter.api.extension.ParameterResolutionException: No ParameterResolver registered for parameter [com.test.support.Global arg0] in constructor [public com.test.stepdefs.InitialIT(com.test.support.Global)].

com.test.stepdefs.InitialIT.AddUser(String,String,String,String,String,String)  Time elapsed: 0.019 s  <<< ERROR!
org.junit.jupiter.api.extension.ParameterResolutionException: No ParameterResolver registered for parameter [com.test.support.Global arg0] in constructor [public com.test.stepdefs.InitialIT(com.test.support.Global)].

